<?xml version="1.0" encoding="UTF-8"?>
<!-- Generated by org.testng.reporters.JUnitReportReporter -->
<testsuite hostname="DESKTOP-24H7R87" failures="0" tests="1" name="Desktop.DWS_Desktop_05_Test" time="170.534" errors="0" timestamp="2023-11-03T16:35:41 IST" skipped="0">
  <testcase classname="Desktop.DWS_Desktop_05_Test" name="addDeskTopToCart" time="170.534"/>
  <system-out/>
</testsuite> <!-- Desktop.DWS_Desktop_05_Test -->
