<?xml version="1.0" encoding="UTF-8"?>
<!-- Generated by org.testng.reporters.JUnitReportReporter -->
<testsuite hostname="DESKTOP-24H7R87" failures="0" tests="1" name="frameWorkCheck.EntireFrameWorkCheck$ExcelCheck" time="0.000" errors="0" timestamp="2023-10-30T14:22:02 IST" skipped="1">
  <testcase classname="frameWorkCheck.EntireFrameWorkCheck$ExcelCheck" name="read" time="0.000">
    <skipped/>
  </testcase> <!-- read -->
  <system-out/>
</testsuite> <!-- frameWorkCheck.EntireFrameWorkCheck$ExcelCheck -->
