<?xml version="1.0" encoding="UTF-8"?>
<!-- Generated by org.testng.reporters.JUnitReportReporter -->
<testsuite hostname="DESKTOP-24H7R87" failures="0" tests="1" name="login.DWS_Login_01_Test" time="41.903" errors="0" timestamp="2023-11-04T08:37:14 IST" skipped="0">
  <testcase classname="login.DWS_Login_01_Test" name="Login_to_application_withValidCredentials" time="41.903"/>
  <system-out/>
</testsuite> <!-- login.DWS_Login_01_Test -->
