<?xml version="1.0" encoding="UTF-8"?>
<!-- Generated by org.testng.reporters.JUnitReportReporter -->
<testsuite hostname="DESKTOP-24H7R87" failures="0" tests="1" name="login.DWS_Register_02_Test" time="68.562" errors="0" timestamp="2023-11-03T23:09:31 IST" skipped="0">
  <testcase classname="login.DWS_Register_02_Test" name="userRegistration" time="68.562"/>
  <system-out/>
</testsuite> <!-- login.DWS_Register_02_Test -->
