<?xml version="1.0" encoding="UTF-8"?>
<!-- Generated by org.testng.reporters.JUnitReportReporter -->
<testsuite hostname="DESKTOP-24H7R87" failures="0" tests="1" name="Wishlist.DWS_Wishlist_09_Test" time="65.342" errors="0" timestamp="2023-11-03T16:26:09 IST" skipped="0">
  <testcase classname="Wishlist.DWS_Wishlist_09_Test" name="addProductToWishlist" time="65.342"/>
  <system-out/>
</testsuite> <!-- Wishlist.DWS_Wishlist_09_Test -->
