<?xml version="1.0" encoding="UTF-8"?>
<!-- Generated by org.testng.reporters.JUnitReportReporter -->
<testsuite hostname="DESKTOP-24H7R87" failures="0" tests="1" name="EmailFriend.DWS_EmailFriend_08_Test" time="85.431" errors="0" timestamp="2023-11-03T19:12:00 IST" skipped="0">
  <testcase classname="EmailFriend.DWS_EmailFriend_08_Test" name="CaptureErrorMsgbyEmailingFriend" time="85.431"/>
  <system-out/>
</testsuite> <!-- EmailFriend.DWS_EmailFriend_08_Test -->
