<?xml version="1.0" encoding="UTF-8"?>
<!-- Generated by org.testng.reporters.JUnitReportReporter -->
<testsuite hostname="DESKTOP-24H7R87" failures="0" tests="1" name="Desktop.DWS_RemoveCart_06_Test" time="169.954" errors="0" timestamp="2023-11-03T16:39:13 IST" skipped="0">
  <testcase classname="Desktop.DWS_RemoveCart_06_Test" name="removeproductfromcart" time="169.954"/>
  <system-out/>
</testsuite> <!-- Desktop.DWS_RemoveCart_06_Test -->
