<?xml version="1.0" encoding="UTF-8"?>
<!-- Generated by org.testng.reporters.JUnitReportReporter -->
<testsuite hostname="DESKTOP-24H7R87" failures="0" tests="1" name="frameWorkCheck.ExcelCheck" time="0.000" errors="0" timestamp="2023-11-02T12:44:31 IST" skipped="1">
  <testcase classname="frameWorkCheck.ExcelCheck" name="read" time="0.000">
    <skipped/>
  </testcase> <!-- read -->
  <system-out/>
</testsuite> <!-- frameWorkCheck.ExcelCheck -->
