<?xml version="1.0" encoding="UTF-8"?>
<!-- Generated by org.testng.reporters.JUnitReportReporter -->
<testsuite hostname="DESKTOP-24H7R87" failures="0" tests="1" name="Cart.DWS_Book_04_Test" time="47.840" errors="0" timestamp="2023-11-03T21:39:46 IST" skipped="0">
  <testcase classname="Cart.DWS_Book_04_Test" name="addBookTocart" time="47.840"/>
  <system-out/>
</testsuite> <!-- Cart.DWS_Book_04_Test -->
