<?xml version="1.0" encoding="UTF-8"?>
<!-- Generated by org.testng.reporters.JUnitReportReporter -->
<testsuite hostname="DESKTOP-24H7R87" failures="0" tests="1" name="Wishlist.DWS_RemoveWishList_10_Test" time="64.871" errors="0" timestamp="2023-11-03T16:28:21 IST" skipped="0">
  <testcase classname="Wishlist.DWS_RemoveWishList_10_Test" name="removefromWishList" time="64.871"/>
  <system-out/>
</testsuite> <!-- Wishlist.DWS_RemoveWishList_10_Test -->
